{
  "RSpec": {
    "coverage": {
      "/Users/alessiobortone/Documents/GitHub/oystercard/spec/journey_spec.rb": [
        1,
        null,
        1,
        2,
        null,
        1,
        1,
        null,
        null
      ],
      "/Users/alessiobortone/Documents/GitHub/oystercard/lib/journey.rb": [
        null,
        1,
        1,
        null,
        1,
        13,
        13,
        null,
        null,
        1,
        null
      ],
      "/Users/alessiobortone/Documents/GitHub/oystercard/spec/oystercard_spec.rb": [
        1,
        null,
        null,
        null,
        1,
        1,
        1,
        1,
        13,
        null,
        1,
        1,
        null,
        null,
        1,
        1,
        1,
        null,
        null,
        1,
        2,
        null,
        null,
        1,
        1,
        1,
        2,
        null,
        null,
        1,
        1,
        1,
        1,
        null,
        null,
        1,
        1,
        1,
        null,
        null,
        1,
        1,
        1,
        1,
        null,
        null,
        1,
        1,
        4,
        null,
        null,
        1,
        1,
        1,
        null,
        null,
        1,
        1,
        null,
        null,
        1,
        1,
        1,
        null,
        null,
        1,
        1,
        1,
        1,
        null,
        null
      ],
      "/Users/alessiobortone/Documents/GitHub/oystercard/lib/oystercard.rb": [
        null,
        null,
        1,
        1,
        1,
        1,
        null,
        1,
        1,
        null,
        1,
        12,
        12,
        12,
        null,
        null,
        1,
        2,
        1,
        null,
        null,
        1,
        7,
        6,
        null,
        null,
        1,
        2,
        2,
        2,
        2,
        null,
        null,
        1,
        2,
        null,
        null,
        1,
        1,
        0,
        null,
        null,
        1,
        null,
        1,
        4,
        null,
        null
      ],
      "/Users/alessiobortone/Documents/GitHub/oystercard/spec/station_spec.rb": [
        1,
        null,
        1,
        1,
        null,
        1,
        1,
        null,
        null
      ],
      "/Users/alessiobortone/Documents/GitHub/oystercard/lib/station.rb": [
        null,
        1,
        1,
        null,
        1,
        1,
        1,
        null,
        null
      ]
    },
    "timestamp": 1502290971
  }
}
